<?xml version="1.0" encoding="UTF-8"?>
<testsuite xmlns:xsi="http://www.w3.org/2001/XMLSchema-instance" xsi:noNamespaceSchemaLocation="https://maven.apache.org/surefire/maven-surefire-plugin/xsd/surefire-test-report-3.0.xsd" version="3.0" name="ImageUploadBadTypeTests" time="1.82" tests="2" errors="0" skipped="0" failures="0">
  <properties>
[...]
</properties>
  <testcase name="uploadFilePngTest" classname="ImageUploadBadTypeTests" time="1.106">
    <system-out><![CDATA[HTTP/1.1 400 Bad Request
Connection: close
Content-Length: 113
Date: Sat, 11 Dec 2021 18:35:48 GMT
Content-Type: application/json; charset=utf-8
Content-Encoding: gzip
X-Post-Rate-Limit-Limit: 1250
X-Post-Rate-Limit-Remaining: 1236
X-Post-Rate-Limit-Reset: 2827
X-Ratelimit-Clientlimit: 12500
X-Ratelimit-Clientremaining: 12430
X-Ratelimit-Clientreset: 70505
X-Ratelimit-Userlimit: 2000
X-Ratelimit-Userremaining: 1972
X-Ratelimit-Userreset: 219

{
    "status": 400,
    "success": false,
    "data": {
        "error": "Bad Request",
        "request": "/3/upload",
        "method": "POST"
    }
}
]]></system-out>
  </testcase>
  <testcase name="uploadFileURLTest" classname="ImageUploadBadTypeTests" time="0.708">
    <system-out><![CDATA[HTTP/1.1 400 Bad Request
Connection: close
Content-Length: 113
Date: Sat, 11 Dec 2021 18:35:49 GMT
Content-Type: application/json; charset=utf-8
Content-Encoding: gzip
X-Post-Rate-Limit-Limit: 1250
X-Post-Rate-Limit-Remaining: 1235
X-Post-Rate-Limit-Reset: 2826
X-Ratelimit-Clientlimit: 12500
X-Ratelimit-Clientremaining: 12429
X-Ratelimit-Clientreset: 70504
X-Ratelimit-Userlimit: 2000
X-Ratelimit-Userremaining: 1971
X-Ratelimit-Userreset: 218

{
    "status": 400,
    "success": false,
    "data": {
        "error": "Bad Request",
        "request": "/3/upload",
        "method": "POST"
    }
}
]]></system-out>
  </testcase>
</testsuite>