<?xml version="1.0" encoding="UTF-8"?>
<testsuite xmlns:xsi="http://www.w3.org/2001/XMLSchema-instance" xsi:noNamespaceSchemaLocation="https://maven.apache.org/surefire/maven-surefire-plugin/xsd/surefire-test-report-3.0.xsd" version="3.0" name="ImageUploadAndUpdateTests" time="23.665" tests="4" errors="0" skipped="0" failures="0">
  <properties>
[...]
</properties>
  <testcase name="uploadFilePngTest" classname="ImageUploadAndUpdateTests" time="6.9">
    <system-out><![CDATA[HTTP/1.1 200 OK
Connection: close
Content-Length: 375
Date: Sat, 11 Dec 2021 18:35:28 GMT
Content-Type: application/json; charset=utf-8
Content-Encoding: gzip
X-Post-Rate-Limit-Limit: 1250
X-Post-Rate-Limit-Remaining: 1244
X-Post-Rate-Limit-Reset: 2849
X-Ratelimit-Clientlimit: 12500
X-Ratelimit-Clientremaining: 12434
X-Ratelimit-Clientreset: 70527
X-Ratelimit-Userlimit: 2000
X-Ratelimit-Userremaining: 1976
X-Ratelimit-Userreset: 241

{
    "status": 200,
    "success": true,
    "data": {
        "id": "JB91I11",
        "deletehash": "TmwxwPj60RVcdHr",
        "account_id": 157750109,
        "account_url": "ShushpanovM",
        "ad_type": null,
        "ad_url": null,
        "title": "Picture",
        "description": "This is an 1x1 pixel image.",
        "name": "",
        "type": "image/png",
        "width": 1650,
        "height": 1350,
        "size": 1057551,
        "views": 0,
        "section": null,
        "vote": null,
        "bandwidth": 0,
        "animated": false,
        "favorite": false,
        "in_gallery": false,
        "in_most_viral": false,
        "has_sound": false,
        "is_ad": false,
        "nsfw": null,
        "link": "https://i.imgur.com/JB91I11.png",
        "tags": [
            
        ],
        "datetime": 1639247728,
        "mp4": "",
        "hls": ""
    }
}
HTTP/1.1 200 OK
Connection: close
Server: nginx
Date: Sat, 11 Dec 2021 18:35:30 GMT
Content-Type: application/json
Vary: Accept-Encoding
X-Post-Rate-Limit-Limit: 1250
X-Post-Rate-Limit-Remaining: 1243
X-Post-Rate-Limit-Reset: 2845
Access-Control-Allow-Origin: *
Access-Control-Allow-Methods: GET, PUT, POST, DELETE, OPTIONS
Access-Control-Allow-Headers: Authorization, Content-Type, Accept, X-Mashape-Authorization, IMGURPLATFORM, IMGURUIDJAFO, SESSIONCOUNT, IMGURMWBETA, IMGURMWBETAOPTIN
Access-Control-Expose-Headers: X-RateLimit-ClientLimit, X-RateLimit-ClientRemaining, X-RateLimit-UserLimit, X-RateLimit-UserRemaining, X-RateLimit-UserReset, Geo-City, Geo-Region, Geo-Metro-Code, Geo-Country-Code
X-RateLimit-ClientLimit: 12500
X-RateLimit-ClientRemaining: 12406
X-RateLimit-UserLimit: 2000
X-RateLimit-UserRemaining: 1999
X-RateLimit-UserReset: 1639251330
ETag: W/"4a931e85c4c3e49f1fb921656d64b65510e32928"
Cache-Control: no-store, no-cache, must-revalidate, post-check=0, pre-check=0
X-origin-ip: 172.16.1.19
Content-Encoding: gzip
Set-Cookie: UPSERVERID=upload.i-07cbfb9e7f3b8d3dd.production; path=/
transfer-encoding: chunked

{
    "data": true,
    "success": true,
    "status": 200
}
HTTP/1.1 200 OK
Connection: keep-alive
Content-Type: application/json
Access-Control-Expose-Headers: X-RateLimit-ClientLimit, X-RateLimit-ClientRemaining, X-RateLimit-UserLimit, X-RateLimit-UserRemaining, X-RateLimit-UserReset, Geo-City, Geo-Region, Geo-Metro-Code, Geo-Country-Code
X-RateLimit-ClientLimit: 12500
X-RateLimit-ClientRemaining: 12405
X-RateLimit-UserLimit: 2000
X-RateLimit-UserRemaining: 1998
X-RateLimit-UserReset: 1639251330
ETag: W/"4a931e85c4c3e49f1fb921656d64b65510e32928"
Cache-Control: no-store, no-cache, must-revalidate, post-check=0, pre-check=0
Content-Encoding: gzip
Accept-Ranges: bytes
Date: Sat, 11 Dec 2021 18:35:31 GMT
X-Served-By: cache-bma1683-BMA
X-Cache: MISS
X-Cache-Hits: 0
X-Timer: S1639247731.707274,VS0,VE784
Vary: Accept-Encoding
access-control-allow-methods: GET, PUT, POST, PATCH, DELETE, OPTIONS
Server: cat factory 1.0
Access-Control-Allow-Origin: *
Access-Control-Allow-Credentials: true
X-Frame-Options: DENY
Access-Control-Allow-Headers: Authorization, Content-Type, Accept, X-Mashape-Authorization, IMGURPLATFORM, IMGURUIDJAFO, sessionCount, IMGURMWBETA, IMGURMWBETAOPTIN, X-expSNKPK127, X-Imgur-Defender-Bypass
transfer-encoding: chunked

{
    "data": true,
    "success": true,
    "status": 200
}
]]></system-out>
  </testcase>
  <testcase name="uploadFileMp4Test" classname="ImageUploadAndUpdateTests" time="5.557">
    <system-out><![CDATA[HTTP/1.1 200 OK
Connection: close
Content-Length: 403
Date: Sat, 11 Dec 2021 18:35:35 GMT
Content-Type: application/json; charset=utf-8
Content-Encoding: gzip
X-Post-Rate-Limit-Limit: 1250
X-Post-Rate-Limit-Remaining: 1242
X-Post-Rate-Limit-Reset: 2843
X-Ratelimit-Clientlimit: 12500
X-Ratelimit-Clientremaining: 12433
X-Ratelimit-Clientreset: 70521
X-Ratelimit-Userlimit: 2000
X-Ratelimit-Userremaining: 1975
X-Ratelimit-Userreset: 235

{
    "status": 200,
    "success": true,
    "data": {
        "id": "cp1Q2Hi",
        "deletehash": "MdO56xJSha88A7E",
        "account_id": 157750109,
        "account_url": "ShushpanovM",
        "ad_type": null,
        "ad_url": null,
        "title": "Video",
        "description": "This is an 1x1 pixel image.",
        "name": "",
        "type": "video/mp4",
        "width": 1080,
        "height": 2340,
        "size": 0,
        "views": 0,
        "section": null,
        "vote": null,
        "bandwidth": 0,
        "animated": true,
        "favorite": false,
        "in_gallery": false,
        "in_most_viral": false,
        "has_sound": false,
        "is_ad": false,
        "nsfw": null,
        "link": "https://i.imgur.com/cp1Q2Hi.mp4",
        "tags": [
            
        ],
        "mp4_size": 21804234,
        "processing": {
            "status": "pending"
        },
        "datetime": 1639247735,
        "mp4": "https://i.imgur.com/cp1Q2Hi.mp4",
        "hls": ""
    }
}
HTTP/1.1 200 OK
Connection: close
Server: nginx
Date: Sat, 11 Dec 2021 18:35:36 GMT
Content-Type: application/json
Vary: Accept-Encoding
X-Post-Rate-Limit-Limit: 1250
X-Post-Rate-Limit-Remaining: 1241
X-Post-Rate-Limit-Reset: 2839
Access-Control-Allow-Origin: *
Access-Control-Allow-Methods: GET, PUT, POST, DELETE, OPTIONS
Access-Control-Allow-Headers: Authorization, Content-Type, Accept, X-Mashape-Authorization, IMGURPLATFORM, IMGURUIDJAFO, SESSIONCOUNT, IMGURMWBETA, IMGURMWBETAOPTIN
Access-Control-Expose-Headers: X-RateLimit-ClientLimit, X-RateLimit-ClientRemaining, X-RateLimit-UserLimit, X-RateLimit-UserRemaining, X-RateLimit-UserReset, Geo-City, Geo-Region, Geo-Metro-Code, Geo-Country-Code
X-RateLimit-ClientLimit: 12500
X-RateLimit-ClientRemaining: 12404
X-RateLimit-UserLimit: 2000
X-RateLimit-UserRemaining: 1997
X-RateLimit-UserReset: 1639251330
ETag: W/"4a931e85c4c3e49f1fb921656d64b65510e32928"
Cache-Control: no-store, no-cache, must-revalidate, post-check=0, pre-check=0
X-origin-ip: 172.16.2.121
Content-Encoding: gzip
Set-Cookie: UPSERVERID=upload.i-0fb2752a20c5571e0.production; path=/
transfer-encoding: chunked

{
    "data": true,
    "success": true,
    "status": 200
}
HTTP/1.1 200 OK
Connection: keep-alive
Content-Type: application/json
Access-Control-Expose-Headers: X-RateLimit-ClientLimit, X-RateLimit-ClientRemaining, X-RateLimit-UserLimit, X-RateLimit-UserRemaining, X-RateLimit-UserReset, Geo-City, Geo-Region, Geo-Metro-Code, Geo-Country-Code
X-RateLimit-ClientLimit: 12500
X-RateLimit-ClientRemaining: 12403
X-RateLimit-UserLimit: 2000
X-RateLimit-UserRemaining: 1996
X-RateLimit-UserReset: 1639251330
ETag: W/"4a931e85c4c3e49f1fb921656d64b65510e32928"
Cache-Control: no-store, no-cache, must-revalidate, post-check=0, pre-check=0
Content-Encoding: gzip
Accept-Ranges: bytes
Date: Sat, 11 Dec 2021 18:35:37 GMT
X-Served-By: cache-bma1647-BMA
X-Cache: MISS
X-Cache-Hits: 0
X-Timer: S1639247737.534904,VS0,VE547
Vary: Accept-Encoding
access-control-allow-methods: GET, PUT, POST, PATCH, DELETE, OPTIONS
Server: cat factory 1.0
Access-Control-Allow-Origin: *
Access-Control-Allow-Credentials: true
X-Frame-Options: DENY
Access-Control-Allow-Headers: Authorization, Content-Type, Accept, X-Mashape-Authorization, IMGURPLATFORM, IMGURUIDJAFO, sessionCount, IMGURMWBETA, IMGURMWBETAOPTIN, X-expSNKPK127, X-Imgur-Defender-Bypass
transfer-encoding: chunked

{
    "data": true,
    "success": true,
    "status": 200
}
]]></system-out>
  </testcase>
  <testcase name="uploadFileBase64Test" classname="ImageUploadAndUpdateTests" time="5.28">
    <system-out><![CDATA[HTTP/1.1 200 OK
Connection: close
Content-Length: 350
Date: Sat, 11 Dec 2021 18:35:40 GMT
Content-Type: application/json; charset=utf-8
Content-Encoding: gzip
X-Post-Rate-Limit-Limit: 1250
X-Post-Rate-Limit-Remaining: 1240
X-Post-Rate-Limit-Reset: 2837
X-Ratelimit-Clientlimit: 12500
X-Ratelimit-Clientremaining: 12432
X-Ratelimit-Clientreset: 70516
X-Ratelimit-Userlimit: 2000
X-Ratelimit-Userremaining: 1974
X-Ratelimit-Userreset: 230

{
    "status": 200,
    "success": true,
    "data": {
        "id": "eQGiYWW",
        "deletehash": "OhIHujTzrdjwPx0",
        "account_id": 157750109,
        "account_url": "ShushpanovM",
        "ad_type": null,
        "ad_url": null,
        "title": null,
        "description": null,
        "name": "",
        "type": "image/png",
        "width": 1650,
        "height": 1350,
        "size": 1057551,
        "views": 0,
        "section": null,
        "vote": null,
        "bandwidth": 0,
        "animated": false,
        "favorite": false,
        "in_gallery": false,
        "in_most_viral": false,
        "has_sound": false,
        "is_ad": false,
        "nsfw": null,
        "link": "https://i.imgur.com/eQGiYWW.png",
        "tags": [
            
        ],
        "datetime": 1639247739,
        "mp4": "",
        "hls": ""
    }
}
HTTP/1.1 200 OK
Connection: close
Server: nginx
Date: Sat, 11 Dec 2021 18:35:41 GMT
Content-Type: application/json
Vary: Accept-Encoding
X-Post-Rate-Limit-Limit: 1250
X-Post-Rate-Limit-Remaining: 1239
X-Post-Rate-Limit-Reset: 2834
Access-Control-Allow-Origin: *
Access-Control-Allow-Methods: GET, PUT, POST, DELETE, OPTIONS
Access-Control-Allow-Headers: Authorization, Content-Type, Accept, X-Mashape-Authorization, IMGURPLATFORM, IMGURUIDJAFO, SESSIONCOUNT, IMGURMWBETA, IMGURMWBETAOPTIN
Access-Control-Expose-Headers: X-RateLimit-ClientLimit, X-RateLimit-ClientRemaining, X-RateLimit-UserLimit, X-RateLimit-UserRemaining, X-RateLimit-UserReset, Geo-City, Geo-Region, Geo-Metro-Code, Geo-Country-Code
X-RateLimit-ClientLimit: 12500
X-RateLimit-ClientRemaining: 12402
X-RateLimit-UserLimit: 2000
X-RateLimit-UserRemaining: 1995
X-RateLimit-UserReset: 1639251330
ETag: W/"4a931e85c4c3e49f1fb921656d64b65510e32928"
Cache-Control: no-store, no-cache, must-revalidate, post-check=0, pre-check=0
X-origin-ip: 172.16.2.180
Content-Encoding: gzip
Set-Cookie: UPSERVERID=upload.i-09458b376e0208425.production; path=/
transfer-encoding: chunked

{
    "data": true,
    "success": true,
    "status": 200
}
HTTP/1.1 200 OK
Connection: keep-alive
Content-Type: application/json
Access-Control-Expose-Headers: X-RateLimit-ClientLimit, X-RateLimit-ClientRemaining, X-RateLimit-UserLimit, X-RateLimit-UserRemaining, X-RateLimit-UserReset, Geo-City, Geo-Region, Geo-Metro-Code, Geo-Country-Code
X-RateLimit-ClientLimit: 12500
X-RateLimit-ClientRemaining: 12401
X-RateLimit-UserLimit: 2000
X-RateLimit-UserRemaining: 1994
X-RateLimit-UserReset: 1639251330
ETag: W/"4a931e85c4c3e49f1fb921656d64b65510e32928"
Cache-Control: no-store, no-cache, must-revalidate, post-check=0, pre-check=0
Content-Encoding: gzip
Accept-Ranges: bytes
Date: Sat, 11 Dec 2021 18:35:42 GMT
X-Served-By: cache-bma1654-BMA
X-Cache: MISS
X-Cache-Hits: 0
X-Timer: S1639247742.594030,VS0,VE771
Vary: Accept-Encoding
access-control-allow-methods: GET, PUT, POST, PATCH, DELETE, OPTIONS
Server: cat factory 1.0
Access-Control-Allow-Origin: *
Access-Control-Allow-Credentials: true
X-Frame-Options: DENY
Access-Control-Allow-Headers: Authorization, Content-Type, Accept, X-Mashape-Authorization, IMGURPLATFORM, IMGURUIDJAFO, sessionCount, IMGURMWBETA, IMGURMWBETAOPTIN, X-expSNKPK127, X-Imgur-Defender-Bypass
transfer-encoding: chunked

{
    "data": true,
    "success": true,
    "status": 200
}
]]></system-out>
  </testcase>
  <testcase name="uploadFileURLTest" classname="ImageUploadAndUpdateTests" time="5.17">
    <system-out><![CDATA[HTTP/1.1 200 OK
Connection: close
Content-Length: 372
Date: Sat, 11 Dec 2021 18:35:45 GMT
Content-Type: application/json; charset=utf-8
Content-Encoding: gzip
X-Post-Rate-Limit-Limit: 1250
X-Post-Rate-Limit-Remaining: 1238
X-Post-Rate-Limit-Reset: 2832
X-Ratelimit-Clientlimit: 12500
X-Ratelimit-Clientremaining: 12431
X-Ratelimit-Clientreset: 70510
X-Ratelimit-Userlimit: 2000
X-Ratelimit-Userremaining: 1973
X-Ratelimit-Userreset: 224

{
    "status": 200,
    "success": true,
    "data": {
        "id": "wi5BRZm",
        "deletehash": "ERi81hEoahh3P7y",
        "account_id": 157750109,
        "account_url": "ShushpanovM",
        "ad_type": null,
        "ad_url": null,
        "title": "Picture",
        "description": "This is an 1x1 pixel image.",
        "name": "",
        "type": "image/png",
        "width": 1650,
        "height": 1350,
        "size": 1057551,
        "views": 0,
        "section": null,
        "vote": null,
        "bandwidth": 0,
        "animated": false,
        "favorite": false,
        "in_gallery": false,
        "in_most_viral": false,
        "has_sound": false,
        "is_ad": false,
        "nsfw": null,
        "link": "https://i.imgur.com/wi5BRZm.png",
        "tags": [
            
        ],
        "datetime": 1639247745,
        "mp4": "",
        "hls": ""
    }
}
HTTP/1.1 200 OK
Connection: close
Server: nginx
Date: Sat, 11 Dec 2021 18:35:46 GMT
Content-Type: application/json
Vary: Accept-Encoding
X-Post-Rate-Limit-Limit: 1250
X-Post-Rate-Limit-Remaining: 1237
X-Post-Rate-Limit-Reset: 2829
Access-Control-Allow-Origin: *
Access-Control-Allow-Methods: GET, PUT, POST, DELETE, OPTIONS
Access-Control-Allow-Headers: Authorization, Content-Type, Accept, X-Mashape-Authorization, IMGURPLATFORM, IMGURUIDJAFO, SESSIONCOUNT, IMGURMWBETA, IMGURMWBETAOPTIN
Access-Control-Expose-Headers: X-RateLimit-ClientLimit, X-RateLimit-ClientRemaining, X-RateLimit-UserLimit, X-RateLimit-UserRemaining, X-RateLimit-UserReset, Geo-City, Geo-Region, Geo-Metro-Code, Geo-Country-Code
X-RateLimit-ClientLimit: 12500
X-RateLimit-ClientRemaining: 12400
X-RateLimit-UserLimit: 2000
X-RateLimit-UserRemaining: 1993
X-RateLimit-UserReset: 1639251330
ETag: W/"4a931e85c4c3e49f1fb921656d64b65510e32928"
Cache-Control: no-store, no-cache, must-revalidate, post-check=0, pre-check=0
X-origin-ip: 172.16.2.121
Content-Encoding: gzip
Set-Cookie: UPSERVERID=upload.i-0fb2752a20c5571e0.production; path=/
transfer-encoding: chunked

{
    "data": true,
    "success": true,
    "status": 200
}
HTTP/1.1 200 OK
Connection: keep-alive
Content-Type: application/json
Access-Control-Expose-Headers: X-RateLimit-ClientLimit, X-RateLimit-ClientRemaining, X-RateLimit-UserLimit, X-RateLimit-UserRemaining, X-RateLimit-UserReset, Geo-City, Geo-Region, Geo-Metro-Code, Geo-Country-Code
X-RateLimit-ClientLimit: 12500
X-RateLimit-ClientRemaining: 12399
X-RateLimit-UserLimit: 2000
X-RateLimit-UserRemaining: 1992
X-RateLimit-UserReset: 1639251330
ETag: W/"4a931e85c4c3e49f1fb921656d64b65510e32928"
Cache-Control: no-store, no-cache, must-revalidate, post-check=0, pre-check=0
Content-Encoding: gzip
Accept-Ranges: bytes
Date: Sat, 11 Dec 2021 18:35:47 GMT
X-Served-By: cache-bma1674-BMA
X-Cache: MISS
X-Cache-Hits: 0
X-Timer: S1639247747.710601,VS0,VE827
Vary: Accept-Encoding
access-control-allow-methods: GET, PUT, POST, PATCH, DELETE, OPTIONS
Server: cat factory 1.0
Access-Control-Allow-Origin: *
Access-Control-Allow-Credentials: true
X-Frame-Options: DENY
Access-Control-Allow-Headers: Authorization, Content-Type, Accept, X-Mashape-Authorization, IMGURPLATFORM, IMGURUIDJAFO, sessionCount, IMGURMWBETA, IMGURMWBETAOPTIN, X-expSNKPK127, X-Imgur-Defender-Bypass
transfer-encoding: chunked

{
    "data": true,
    "success": true,
    "status": 200
}
]]></system-out>
  </testcase>
</testsuite>